ERROR - 2022-08-23 09:31:17 --> Error connecting to the database: Access denied for user '****'@'localhost' (using password: YES)
CRITICAL - 2022-08-23 09:31:17 --> Unable to connect to the database.
Main connection [MySQLi]: Access denied for user '****'@'localhost' (using password: YES)
#0 C:\laragon\www\modelosWEB\PHP\CodeIgniter4\ToDoList-JoaoRibeiro\system\Database\BaseConnection.php(577): CodeIgniter\Database\BaseConnection->initialize()
#1 C:\laragon\www\modelosWEB\PHP\CodeIgniter4\ToDoList-JoaoRibeiro\app\Controllers\Main.php(144): CodeIgniter\Database\BaseConnection->query('SELECT * FROM j...')
#2 C:\laragon\www\modelosWEB\PHP\CodeIgniter4\ToDoList-JoaoRibeiro\app\Controllers\Main.php(13): App\Controllers\Main->getAllJobs()
#3 C:\laragon\www\modelosWEB\PHP\CodeIgniter4\ToDoList-JoaoRibeiro\system\CodeIgniter.php(825): App\Controllers\Main->index()
#4 C:\laragon\www\modelosWEB\PHP\CodeIgniter4\ToDoList-JoaoRibeiro\system\CodeIgniter.php(412): CodeIgniter\CodeIgniter->runController(Object(App\Controllers\Main))
#5 C:\laragon\www\modelosWEB\PHP\CodeIgniter4\ToDoList-JoaoRibeiro\system\CodeIgniter.php(320): CodeIgniter\CodeIgniter->handleRequest(NULL, Object(Config\Cache), false)
#6 C:\laragon\www\modelosWEB\PHP\CodeIgniter4\ToDoList-JoaoRibeiro\public\index.php(37): CodeIgniter\CodeIgniter->run()
#7 {main}
ERROR - 2022-08-23 13:50:38 --> Error connecting to the database: Access denied for user '****'@'localhost' (using password: YES)
CRITICAL - 2022-08-23 13:50:38 --> Unable to connect to the database.
Main connection [MySQLi]: Access denied for user '****'@'localhost' (using password: YES)
#0 C:\laragon\www\modelosWEB\PHP\CodeIgniter4\ToDoList-JoaoRibeiro\system\Database\BaseConnection.php(577): CodeIgniter\Database\BaseConnection->initialize()
#1 C:\laragon\www\modelosWEB\PHP\CodeIgniter4\ToDoList-JoaoRibeiro\app\Controllers\Main.php(144): CodeIgniter\Database\BaseConnection->query('SELECT * FROM j...')
#2 C:\laragon\www\modelosWEB\PHP\CodeIgniter4\ToDoList-JoaoRibeiro\app\Controllers\Main.php(13): App\Controllers\Main->getAllJobs()
#3 C:\laragon\www\modelosWEB\PHP\CodeIgniter4\ToDoList-JoaoRibeiro\system\CodeIgniter.php(825): App\Controllers\Main->index()
#4 C:\laragon\www\modelosWEB\PHP\CodeIgniter4\ToDoList-JoaoRibeiro\system\CodeIgniter.php(412): CodeIgniter\CodeIgniter->runController(Object(App\Controllers\Main))
#5 C:\laragon\www\modelosWEB\PHP\CodeIgniter4\ToDoList-JoaoRibeiro\system\CodeIgniter.php(320): CodeIgniter\CodeIgniter->handleRequest(NULL, Object(Config\Cache), false)
#6 C:\laragon\www\modelosWEB\PHP\CodeIgniter4\ToDoList-JoaoRibeiro\public\index.php(37): CodeIgniter\CodeIgniter->run()
#7 {main}
ERROR - 2022-08-23 13:52:26 --> Error connecting to the database: Access denied for user '****'@'localhost' (using password: YES)
CRITICAL - 2022-08-23 13:52:26 --> Unable to connect to the database.
Main connection [MySQLi]: Access denied for user '****'@'localhost' (using password: YES)
#0 C:\laragon\www\modelosWEB\PHP\CodeIgniter4\ToDoList-JoaoRibeiro\system\Database\BaseConnection.php(577): CodeIgniter\Database\BaseConnection->initialize()
#1 C:\laragon\www\modelosWEB\PHP\CodeIgniter4\ToDoList-JoaoRibeiro\app\Controllers\Main.php(144): CodeIgniter\Database\BaseConnection->query('SELECT * FROM j...')
#2 C:\laragon\www\modelosWEB\PHP\CodeIgniter4\ToDoList-JoaoRibeiro\app\Controllers\Main.php(13): App\Controllers\Main->getAllJobs()
#3 C:\laragon\www\modelosWEB\PHP\CodeIgniter4\ToDoList-JoaoRibeiro\system\CodeIgniter.php(825): App\Controllers\Main->index()
#4 C:\laragon\www\modelosWEB\PHP\CodeIgniter4\ToDoList-JoaoRibeiro\system\CodeIgniter.php(412): CodeIgniter\CodeIgniter->runController(Object(App\Controllers\Main))
#5 C:\laragon\www\modelosWEB\PHP\CodeIgniter4\ToDoList-JoaoRibeiro\system\CodeIgniter.php(320): CodeIgniter\CodeIgniter->handleRequest(NULL, Object(Config\Cache), false)
#6 C:\laragon\www\modelosWEB\PHP\CodeIgniter4\ToDoList-JoaoRibeiro\public\index.php(37): CodeIgniter\CodeIgniter->run()
#7 {main}
ERROR - 2022-08-23 13:55:55 --> Error connecting to the database: Access denied for user '****'@'localhost' (using password: YES)
CRITICAL - 2022-08-23 13:55:55 --> Unable to connect to the database.
Main connection [MySQLi]: Access denied for user '****'@'localhost' (using password: YES)
#0 C:\laragon\www\modelosWEB\PHP\CodeIgniter4\ToDoList-JoaoRibeiro\system\Database\BaseConnection.php(577): CodeIgniter\Database\BaseConnection->initialize()
#1 C:\laragon\www\modelosWEB\PHP\CodeIgniter4\ToDoList-JoaoRibeiro\app\Controllers\Main.php(144): CodeIgniter\Database\BaseConnection->query('SELECT * FROM j...')
#2 C:\laragon\www\modelosWEB\PHP\CodeIgniter4\ToDoList-JoaoRibeiro\app\Controllers\Main.php(13): App\Controllers\Main->getAllJobs()
#3 C:\laragon\www\modelosWEB\PHP\CodeIgniter4\ToDoList-JoaoRibeiro\system\CodeIgniter.php(825): App\Controllers\Main->index()
#4 C:\laragon\www\modelosWEB\PHP\CodeIgniter4\ToDoList-JoaoRibeiro\system\CodeIgniter.php(412): CodeIgniter\CodeIgniter->runController(Object(App\Controllers\Main))
#5 C:\laragon\www\modelosWEB\PHP\CodeIgniter4\ToDoList-JoaoRibeiro\system\CodeIgniter.php(320): CodeIgniter\CodeIgniter->handleRequest(NULL, Object(Config\Cache), false)
#6 C:\laragon\www\modelosWEB\PHP\CodeIgniter4\ToDoList-JoaoRibeiro\public\index.php(37): CodeIgniter\CodeIgniter->run()
#7 {main}
